<?xml version="1.0" encoding="UTF-8"?>
<testsuite name="basicSelenium.TareaEliminar" tests="1" skipped="0" failures="0" errors="0" timestamp="2021-03-08T04:31:18" hostname="MacBook-Pro-de-Raisa.local" time="19.335">
  <properties/>
  <testcase name="loginTodoLy" classname="basicSelenium.TareaEliminar" time="19.335"/>
  <system-out><![CDATA[]]></system-out>
  <system-err><![CDATA[Starting ChromeDriver 88.0.4324.96 (68dba2d8a0b149a1d3afac56fa74648032bcf46b-refs/branch-heads/4324@{#1784}) on port 40999
Only local connections are allowed.
Please see https://chromedriver.chromium.org/security-considerations for suggestions on keeping ChromeDriver safe.
ChromeDriver was started successfully.
[1615177880.389][WARNING]: This version of ChromeDriver has not been tested with Chrome version 89.
mar 08, 2021 12:31:20 AM org.openqa.selenium.remote.ProtocolHandshake createSession
INFORMACIÃ“N: Detected dialect: W3C
]]></system-err>
</testsuite>
